Determining if the pthread_create exist failed with the following output:
Change Dir: /home/yehonghua/ws/slam/ORB-SLAM/ORB_SLAM3_lastest/ORB_SLAM3/Examples/ROS/ORB_SLAM3/build/CMakeFiles/CMakeTmp

Run Build Command:"/usr/bin/make" "cmTC_1f524/fast"
/usr/bin/make -f CMakeFiles/cmTC_1f524.dir/build.make CMakeFiles/cmTC_1f524.dir/build
make[1]: Entering directory '/home/yehonghua/ws/slam/ORB-SLAM/ORB_SLAM3_lastest/ORB_SLAM3/Examples/ROS/ORB_SLAM3/build/CMakeFiles/CMakeTmp'
Building C object CMakeFiles/cmTC_1f524.dir/CheckSymbolExists.c.o
/usr/bin/cc   -Wall  -O3 -march=native     -o CMakeFiles/cmTC_1f524.dir/CheckSymbolExists.c.o   -c /home/yehonghua/ws/slam/ORB-SLAM/ORB_SLAM3_lastest/ORB_SLAM3/Examples/ROS/ORB_SLAM3/build/CMakeFiles/CMakeTmp/CheckSymbolExists.c
Linking C executable cmTC_1f524
/usr/bin/cmake -E cmake_link_script CMakeFiles/cmTC_1f524.dir/link.txt --verbose=1
/usr/bin/cc   -Wall  -O3 -march=native      -rdynamic CMakeFiles/cmTC_1f524.dir/CheckSymbolExists.c.o  -o cmTC_1f524 
CMakeFiles/cmTC_1f524.dir/CheckSymbolExists.c.o: In function `main':
CheckSymbolExists.c:(.text.startup+0x3): undefined reference to `pthread_create'
collect2: error: ld returned 1 exit status
CMakeFiles/cmTC_1f524.dir/build.make:97: recipe for target 'cmTC_1f524' failed
make[1]: *** [cmTC_1f524] Error 1
make[1]: Leaving directory '/home/yehonghua/ws/slam/ORB-SLAM/ORB_SLAM3_lastest/ORB_SLAM3/Examples/ROS/ORB_SLAM3/build/CMakeFiles/CMakeTmp'
Makefile:126: recipe for target 'cmTC_1f524/fast' failed
make: *** [cmTC_1f524/fast] Error 2

File /home/yehonghua/ws/slam/ORB-SLAM/ORB_SLAM3_lastest/ORB_SLAM3/Examples/ROS/ORB_SLAM3/build/CMakeFiles/CMakeTmp/CheckSymbolExists.c:
/* */
#include <pthread.h>

int main(int argc, char** argv)
{
  (void)argv;
#ifndef pthread_create
  return ((int*)(&pthread_create))[argc];
#else
  (void)argc;
  return 0;
#endif
}

Determining if the function pthread_create exists in the pthreads failed with the following output:
Change Dir: /home/yehonghua/ws/slam/ORB-SLAM/ORB_SLAM3_lastest/ORB_SLAM3/Examples/ROS/ORB_SLAM3/build/CMakeFiles/CMakeTmp

Run Build Command:"/usr/bin/make" "cmTC_84b2e/fast"
/usr/bin/make -f CMakeFiles/cmTC_84b2e.dir/build.make CMakeFiles/cmTC_84b2e.dir/build
make[1]: Entering directory '/home/yehonghua/ws/slam/ORB-SLAM/ORB_SLAM3_lastest/ORB_SLAM3/Examples/ROS/ORB_SLAM3/build/CMakeFiles/CMakeTmp'
Building C object CMakeFiles/cmTC_84b2e.dir/CheckFunctionExists.c.o
/usr/bin/cc   -Wall  -O3 -march=native  -DCHECK_FUNCTION_EXISTS=pthread_create   -o CMakeFiles/cmTC_84b2e.dir/CheckFunctionExists.c.o   -c /usr/share/cmake-3.10/Modules/CheckFunctionExists.c
Linking C executable cmTC_84b2e
/usr/bin/cmake -E cmake_link_script CMakeFiles/cmTC_84b2e.dir/link.txt --verbose=1
/usr/bin/cc   -Wall  -O3 -march=native  -DCHECK_FUNCTION_EXISTS=pthread_create    -rdynamic CMakeFiles/cmTC_84b2e.dir/CheckFunctionExists.c.o  -o cmTC_84b2e -lpthreads 
/usr/bin/ld: cannot find -lpthreads
collect2: error: ld returned 1 exit status
CMakeFiles/cmTC_84b2e.dir/build.make:97: recipe for target 'cmTC_84b2e' failed
make[1]: *** [cmTC_84b2e] Error 1
make[1]: Leaving directory '/home/yehonghua/ws/slam/ORB-SLAM/ORB_SLAM3_lastest/ORB_SLAM3/Examples/ROS/ORB_SLAM3/build/CMakeFiles/CMakeTmp'
Makefile:126: recipe for target 'cmTC_84b2e/fast' failed
make: *** [cmTC_84b2e/fast] Error 2


